{
  "stats": {
    "suites": 1,
    "tests": 3,
    "passes": 2,
    "pending": 1,
    "failures": 0,
    "start": "2021-03-19T16:07:30.092Z",
    "end": "2021-03-19T16:07:30.107Z",
    "duration": 15,
    "testsRegistered": 3,
    "passPercent": 100,
    "pendingPercent": 33.33333333333333,
    "other": 0,
    "hasOther": false,
    "skipped": 0,
    "hasSkipped": false
  },
  "results": [
    {
      "uuid": "632121e1-46d1-49e7-af39-98d8c9a317ca",
      "title": "",
      "fullFile": "",
      "file": "",
      "beforeHooks": [
        {
          "title": "\"before all\" hook in \"{root}\"",
          "fullTitle": "\"before all\" hook in \"{root}\"",
          "timedOut": false,
          "duration": 1,
          "state": null,
          "speed": null,
          "pass": false,
          "fail": false,
          "pending": false,
          "context": null,
          "code": "log('Before Hook')",
          "err": {},
          "uuid": "6dd68295-e98d-4841-98f7-fa4867292004",
          "parentUUID": "632121e1-46d1-49e7-af39-98d8c9a317ca",
          "isHook": true,
          "skipped": false
        },
        {
          "title": "\"before each\" hook in \"{root}\"",
          "fullTitle": "\"before each\" hook in \"{root}\"",
          "timedOut": false,
          "duration": 0,
          "state": null,
          "speed": null,
          "pass": false,
          "fail": false,
          "pending": false,
          "context": null,
          "code": "log('Before Each Hook')",
          "err": {},
          "uuid": "666acfe7-7479-482c-86ef-99dd68a9f3f8",
          "parentUUID": "632121e1-46d1-49e7-af39-98d8c9a317ca",
          "isHook": true,
          "skipped": false
        }
      ],
      "afterHooks": [
        {
          "title": "\"after all\" hook in \"{root}\"",
          "fullTitle": "\"after all\" hook in \"{root}\"",
          "timedOut": false,
          "duration": 1,
          "state": null,
          "speed": null,
          "pass": false,
          "fail": false,
          "pending": false,
          "context": null,
          "code": "log('after Hook')",
          "err": {},
          "uuid": "5a71ce4d-3880-4049-b5da-16004d7458b8",
          "parentUUID": "632121e1-46d1-49e7-af39-98d8c9a317ca",
          "isHook": true,
          "skipped": false
        },
        {
          "title": "\"after each\" hook in \"{root}\"",
          "fullTitle": "\"after each\" hook in \"{root}\"",
          "timedOut": false,
          "duration": 0,
          "state": null,
          "speed": null,
          "pass": false,
          "fail": false,
          "pending": false,
          "context": null,
          "code": "log('after Each hook')",
          "err": {},
          "uuid": "77a2e568-ff41-4f14-b7a8-5574cd43e1c4",
          "parentUUID": "632121e1-46d1-49e7-af39-98d8c9a317ca",
          "isHook": true,
          "skipped": false
        }
      ],
      "tests": [],
      "suites": [
        {
          "uuid": "a83619e5-01b8-46a0-bab9-125ee6d32fa9",
          "title": "mocha validation",
          "fullFile": "C:\\Users\\t.gnanasekar\\Documents\\JSbasic\\test\\testcase.js",
          "file": "\\test\\testcase.js",
          "beforeHooks": [],
          "afterHooks": [],
          "tests": [
            {
              "title": "Validate should",
              "fullTitle": "mocha validation Validate should",
              "timedOut": false,
              "duration": 3,
              "state": "passed",
              "speed": "fast",
              "pass": true,
              "fail": false,
              "pending": false,
              "context": null,
              "code": "name.should.equal('sekar')\n        name.should.have.lengthOf(5)\n        log(isElementPresent())",
              "err": {},
              "uuid": "ebc689d3-96b0-4e0c-9a3d-71eb5d885d61",
              "parentUUID": "a83619e5-01b8-46a0-bab9-125ee6d32fa9",
              "isHook": false,
              "skipped": false
            },
            {
              "title": "Validate expect",
              "fullTitle": "mocha validation Validate expect",
              "timedOut": false,
              "duration": 0,
              "state": "pending",
              "speed": null,
              "pass": false,
              "fail": false,
              "pending": true,
              "context": null,
              "code": "",
              "err": {},
              "uuid": "b5782370-65ab-468f-92c8-3585a6553ac5",
              "parentUUID": "a83619e5-01b8-46a0-bab9-125ee6d32fa9",
              "isHook": false,
              "skipped": false
            },
            {
              "title": "Validate assert",
              "fullTitle": "mocha validation Validate assert",
              "timedOut": false,
              "duration": 1,
              "state": "passed",
              "speed": "fast",
              "pass": true,
              "fail": false,
              "pending": false,
              "context": null,
              "code": "assert.equal(name, 'sekar')\nassert.lengthOf(name, 5)\nassert.equal(isElementPresent(), true)",
              "err": {},
              "uuid": "61abe53f-30c0-4f0f-aab2-e13a2444c0aa",
              "parentUUID": "a83619e5-01b8-46a0-bab9-125ee6d32fa9",
              "isHook": false,
              "skipped": false
            }
          ],
          "suites": [],
          "passes": [
            "ebc689d3-96b0-4e0c-9a3d-71eb5d885d61",
            "61abe53f-30c0-4f0f-aab2-e13a2444c0aa"
          ],
          "failures": [],
          "pending": [
            "b5782370-65ab-468f-92c8-3585a6553ac5"
          ],
          "skipped": [],
          "duration": 4,
          "root": false,
          "rootEmpty": false,
          "_timeout": 2000
        }
      ],
      "passes": [],
      "failures": [],
      "pending": [],
      "skipped": [],
      "duration": 0,
      "root": true,
      "rootEmpty": true,
      "_timeout": 2000
    }
  ],
  "meta": {
    "mocha": {
      "version": "8.3.2"
    },
    "mochawesome": {
      "options": {
        "quiet": false,
        "reportFilename": "mochawesome",
        "saveHtml": true,
        "saveJson": true,
        "consoleReporter": "spec",
        "useInlineDiffs": false,
        "code": true
      },
      "version": "6.2.2"
    },
    "marge": {
      "options": null,
      "version": "5.2.0"
    }
  }
}